<?xml version="1.0" encoding="UTF-8"?>
<!-- Generated by org.testng.reporters.JUnitXMLReporter -->
<testsuite ignored="0" hostname="BHAGYASHREE" failures="0" tests="4" name="All Tests" time="118.159" errors="0" timestamp="2026-01-19T02:54:14 IST">
  <testcase classname="tests.RegisterTest" name="registerWithValidEmail" time="22.039"/>
  <testcase classname="tests.LoginTest" name="loginWithValidCredentials" time="13.954"/>
  <testcase classname="tests.PasskeyRegistrationTest" name="registerWithPasskey" time="14.962"/>
  <testcase classname="tests.PasskeyLoginTest" name="loginWithPasskey" time="14.749"/>
</testsuite> <!-- All Tests -->
