<?xml version="1.0" encoding="UTF-8"?>
<testng-results ignored="0" total="4" passed="4" failed="0" skipped="0">
  <reporter-output>
  </reporter-output>
  <suite started-at="2026-01-19T02:52:16 IST" name="Sovio Test Suite" finished-at="2026-01-19T02:54:14 IST" duration-ms="118159">
    <groups>
    </groups>
    <test started-at="2026-01-19T02:52:16 IST" name="All Tests" finished-at="2026-01-19T02:54:14 IST" duration-ms="118159">
      <class name="tests.LoginTest">
        <test-method is-config="true" signature="setup()[pri:0, instance:tests.LoginTest@294425a7]" started-at="2026-01-19T02:52:54 IST" name="setup" finished-at="2026-01-19T02:52:59 IST" duration-ms="4344" status="PASS">
          <reporter-output>
          </reporter-output>
        </test-method> <!-- setup -->
        <test-method signature="loginWithValidCredentials()[pri:0, instance:tests.LoginTest@294425a7]" started-at="2026-01-19T02:52:59 IST" name="loginWithValidCredentials" finished-at="2026-01-19T02:53:13 IST" duration-ms="13954" status="PASS">
          <reporter-output>
          </reporter-output>
        </test-method> <!-- loginWithValidCredentials -->
        <test-method is-config="true" signature="tearDown()[pri:0, instance:tests.LoginTest@294425a7]" started-at="2026-01-19T02:53:13 IST" name="tearDown" finished-at="2026-01-19T02:53:21 IST" duration-ms="8007" status="PASS">
          <reporter-output>
          </reporter-output>
        </test-method> <!-- tearDown -->
      </class> <!-- tests.LoginTest -->
      <class name="tests.PasskeyRegistrationTest">
        <test-method is-config="true" signature="setup()[pri:0, instance:tests.PasskeyRegistrationTest@67d48005]" started-at="2026-01-19T02:53:21 IST" name="setup" finished-at="2026-01-19T02:53:24 IST" duration-ms="3654" status="PASS">
          <reporter-output>
          </reporter-output>
        </test-method> <!-- setup -->
        <test-method signature="registerWithPasskey()[pri:0, instance:tests.PasskeyRegistrationTest@67d48005]" started-at="2026-01-19T02:53:24 IST" name="registerWithPasskey" finished-at="2026-01-19T02:53:39 IST" duration-ms="14962" status="PASS">
          <reporter-output>
          </reporter-output>
        </test-method> <!-- registerWithPasskey -->
        <test-method is-config="true" signature="tearDown()[pri:0, instance:tests.PasskeyRegistrationTest@67d48005]" started-at="2026-01-19T02:53:39 IST" name="tearDown" finished-at="2026-01-19T02:53:47 IST" duration-ms="8011" status="PASS">
          <reporter-output>
          </reporter-output>
        </test-method> <!-- tearDown -->
      </class> <!-- tests.PasskeyRegistrationTest -->
      <class name="tests.PasskeyLoginTest">
        <test-method is-config="true" signature="setup()[pri:0, instance:tests.PasskeyLoginTest@9f116cc]" started-at="2026-01-19T02:53:47 IST" name="setup" finished-at="2026-01-19T02:53:52 IST" duration-ms="4183" status="PASS">
          <reporter-output>
          </reporter-output>
        </test-method> <!-- setup -->
        <test-method signature="loginWithPasskey()[pri:0, instance:tests.PasskeyLoginTest@9f116cc]" started-at="2026-01-19T02:53:52 IST" name="loginWithPasskey" finished-at="2026-01-19T02:54:06 IST" duration-ms="14749" status="PASS">
          <reporter-output>
          </reporter-output>
        </test-method> <!-- loginWithPasskey -->
        <test-method is-config="true" signature="tearDown()[pri:0, instance:tests.PasskeyLoginTest@9f116cc]" started-at="2026-01-19T02:54:06 IST" name="tearDown" finished-at="2026-01-19T02:54:14 IST" duration-ms="8011" status="PASS">
          <reporter-output>
          </reporter-output>
        </test-method> <!-- tearDown -->
      </class> <!-- tests.PasskeyLoginTest -->
      <class name="tests.RegisterTest">
        <test-method is-config="true" signature="setup()[pri:0, instance:tests.RegisterTest@20ce78ec]" started-at="2026-01-19T02:52:16 IST" name="setup" finished-at="2026-01-19T02:52:24 IST" duration-ms="8108" status="PASS">
          <reporter-output>
          </reporter-output>
        </test-method> <!-- setup -->
        <test-method signature="registerWithValidEmail()[pri:0, instance:tests.RegisterTest@20ce78ec]" started-at="2026-01-19T02:52:24 IST" name="registerWithValidEmail" finished-at="2026-01-19T02:52:46 IST" duration-ms="22039" status="PASS">
          <reporter-output>
          </reporter-output>
        </test-method> <!-- registerWithValidEmail -->
        <test-method is-config="true" signature="tearDown()[pri:0, instance:tests.RegisterTest@20ce78ec]" started-at="2026-01-19T02:52:46 IST" name="tearDown" finished-at="2026-01-19T02:52:54 IST" duration-ms="8008" status="PASS">
          <reporter-output>
          </reporter-output>
        </test-method> <!-- tearDown -->
      </class> <!-- tests.RegisterTest -->
    </test> <!-- All Tests -->
  </suite> <!-- Sovio Test Suite -->
</testng-results>
